<?xml version="1.0" encoding="UTF-8" ?>
<testsuites>
  <testsuite errors="0" failures="0" hostname="Macintosh.local" id="0" name="PostIntegrationIntegrationSpec" package="com.grailsinaction" skipped="0" tests="2" time="0.282" timestamp="2016-03-26T18:46:42">
      <properties />

      <testcase classname="com.grailsinaction.PostIntegrationIntegrationSpec" name="Adding posts to user links post to user" time="0.221" />

      <testcase classname="com.grailsinaction.PostIntegrationIntegrationSpec" name="Exercise tagging several posts with various tags" time="0.014" />

      <system-out><![CDATA[--Output from Adding posts to user links post to user--
--Output from Exercise tagging several posts with various tags--
]]></system-out>

      <system-err><![CDATA[--Output from Adding posts to user links post to user--
--Output from Exercise tagging several posts with various tags--
]]></system-err>

  </testsuite>
  <testsuite errors="0" failures="0" hostname="Macintosh.local" id="1" name="UserIntegrationIntegrationSpec" package="com.grailsinaction" skipped="0" tests="7" time="0.132" timestamp="2016-03-26T18:46:43">
      <properties />

      <testcase classname="com.grailsinaction.UserIntegrationIntegrationSpec" name="Saving our first user to the database" time="0.01" />

      <testcase classname="com.grailsinaction.UserIntegrationIntegrationSpec" name="Updating a saved user changes its properties" time="0.011" />

      <testcase classname="com.grailsinaction.UserIntegrationIntegrationSpec" name="Deleting an existing user removes it from the database" time="0.032" />

      <testcase classname="com.grailsinaction.UserIntegrationIntegrationSpec" name="Saving a user with invalid properties causes an error" time="0.024" />

      <testcase classname="com.grailsinaction.UserIntegrationIntegrationSpec" name="Recovering from a failed save by fixing invalid properties" time="0.01" />

      <testcase classname="com.grailsinaction.UserIntegrationIntegrationSpec" name="Ensure posts linked to a user can be retrieved" time="0.031" />

      <testcase classname="com.grailsinaction.UserIntegrationIntegrationSpec" name="Ensure a user can follow other users" time="0.013" />

      <system-out><![CDATA[--Output from Saving our first user to the database--
--Output from Updating a saved user changes its properties--
--Output from Deleting an existing user removes it from the database--
--Output from Saving a user with invalid properties causes an error--
--Output from Recovering from a failed save by fixing invalid properties--
--Output from Ensure posts linked to a user can be retrieved--
--Output from Ensure a user can follow other users--
]]></system-out>

      <system-err><![CDATA[--Output from Saving our first user to the database--
--Output from Updating a saved user changes its properties--
--Output from Deleting an existing user removes it from the database--
--Output from Saving a user with invalid properties causes an error--
--Output from Recovering from a failed save by fixing invalid properties--
--Output from Ensure posts linked to a user can be retrieved--
--Output from Ensure a user can follow other users--
]]></system-err>

  </testsuite>
</testsuites>
